<?xml version="1.0" encoding="UTF-8"?>
<!-- Generated by org.testng.reporters.JUnitReportReporter -->
<testsuite hostname="Somasundaram" failures="0" tests="1" name="Learn.Framework.Articlepage" time="7.250" errors="0" timestamp="19 Jul 2020 16:05:34 GMT" skipped="0">
  <testcase classname="Learn.Framework.Articlepage" name="article" time="7.250"/>
</testsuite> <!-- Learn.Framework.Articlepage -->
