<?xml version="1.0" encoding="UTF-8"?>
<!-- Generated by org.testng.reporters.JUnitReportReporter -->
<testsuite hostname="Somasundaram" failures="0" tests="1" name="Learn.Framework.Aboutpage" time="33.867" errors="0" timestamp="19 Jul 2020 14:41:56 GMT" skipped="0">
  <testcase classname="Learn.Framework.Aboutpage" name="Signup" time="33.867"/>
</testsuite> <!-- Learn.Framework.Aboutpage -->
