<?xml version="1.0" encoding="UTF-8"?>
<!-- Generated by org.testng.reporters.JUnitReportReporter -->
<testsuite hostname="Somasundaram" failures="0" tests="1" name="Learn.Framework.Homepage" time="16.591" errors="0" timestamp="19 Jul 2020 14:41:56 GMT" skipped="0">
  <testcase classname="Learn.Framework.Homepage" name="login" time="16.591"/>
</testsuite> <!-- Learn.Framework.Homepage -->
